<?xml version="1.0" encoding="UTF-8"?>
<!-- Generated by org.testng.reporters.JUnitReportReporter -->
<testsuite skipped="0" hostname="LAPTOP-T776G0RL" name="com.flipkart.testcases.SearchProductDetails" tests="2" failures="0" timestamp="2020-10-03T01:12:14 IST" time="33.961" errors="0">
  <testcase name="searchMobileDetails" time="19.196" classname="com.flipkart.testcases.SearchProductDetails"/>
  <system-out/>
  <testcase name="selectMobileSection" time="14.765" classname="com.flipkart.testcases.SearchProductDetails"/>
  <system-out/>
</testsuite> <!-- com.flipkart.testcases.SearchProductDetails -->
