<?xml version="1.0" encoding="UTF-8"?>
<!-- Generated by org.testng.reporters.JUnitReportReporter -->
<testsuite skipped="0" hostname="LAPTOP-T776G0RL" name="com.flipkart.testcases.LoginPageTest" tests="1" failures="0" timestamp="2020-10-02T12:21:13 IST" time="15.654" errors="0">
  <testcase name="loginTest" time="15.654" classname="com.flipkart.testcases.LoginPageTest"/>
  <system-out/>
</testsuite> <!-- com.flipkart.testcases.LoginPageTest -->
