<?xml version="1.0" encoding="UTF-8"?>
<!-- Generated by org.testng.reporters.JUnitReportReporter -->
<testsuite skipped="0" hostname="LAPTOP-T776G0RL" name="com.flipkart.testcases.SearchProductDetailsTest" tests="2" failures="0" timestamp="2020-10-02T19:52:36 IST" time="24.932" errors="0">
  <testcase name="searchMobileDetails" time="13.625" classname="com.flipkart.testcases.SearchProductDetailsTest"/>
  <system-out/>
  <testcase name="selectMobileSection" time="11.307" classname="com.flipkart.testcases.SearchProductDetailsTest"/>
  <system-out/>
</testsuite> <!-- com.flipkart.testcases.SearchProductDetailsTest -->
